Starting XM Conversion... Old Size: 218991
----------------------
Length:        7
Channels:      8
Instruments    7
Patterns:      7
Speed:         6
BPM:           158
Linear Freqs: yes
Loading pattern 0...
Loading pattern 1...
Loading pattern 2...
Loading pattern 3...
Loading pattern 4...
Loading pattern 5...
Loading pattern 6...
----------------------
Loading instrument 0...
FKERNEL/0: 38, 38 / 83,8,0,0,1,255,251,250 / 16ms, 127
sampfix 0: 9472,4224,5248,36,29 / 9472,4224,5248,36,29
sampfix 1: 4992,0,4992,47,44 / 4992,0,4992,47,44
sampfix 2: 4992,0,4992,44,30 / 4992,0,4992,44,30
sampfix 3: 4992,0,4992,45,30 / 4992,0,4992,45,30
sampfix 4: 6496,0,6496,38,-26 / 6496,0,6496,38,-26
sampfix 5: 3488,0,3488,43,29 / 3488,0,3488,43,29
sampfix 6: 6496,0,6496,38,30 / 6496,0,6496,38,30
sampfix 7: 6496,0,6496,40,29 / 6496,0,6496,40,29
sampfix 8: 6992,0,6992,39,29 / 6992,0,6992,39,29
sampfix 9: 9472,4224,5248,28,29 / 9472,4224,5248,28,29
----------------------
Loading instrument 1...
sampfix 10: 4208,3728,480,47,-17 / 4208,3728,480,47,-17
----------------------
Loading instrument 2...
sampfix 11: 11520,5168,6352,12,54 / 11520,5168,6352,12,54
----------------------
Loading instrument 3...
sampfix 12: 4512,1088,3424,1,-2 / 4512,1088,3424,1,-2
----------------------
Loading instrument 4...
sampfix 13: 13104,3024,10080,4,-32 / 13104,3024,10080,4,-32
----------------------
Loading instrument 5...
sampfix 14: 880,784,96,19,5 / 896,800,96,19,5
----------------------
Loading instrument 6...
sampfix 15: 2848,2752,96,7,5 / 2848,2752,96,7,5
----------------------
Fixing pattern 0...
----------------------
Fixing pattern 1...
----------------------
Fixing pattern 2...
----------------------
Fixing pattern 3...
----------------------
Fixing pattern 4...
----------------------
Fixing pattern 5...
----------------------
Fixing pattern 6...
----------------------
Finalizing patterns...
pattern index 0
pattern index 1
pattern index 2
pattern index 3
pattern index 4
pattern index 5
pattern index 6
----------------------
Compressing samples...
  [index: filter, usage0, usage1, usage2, usage3, error]
  Sample 0: auto, 139 (23%), 304 (51%), 149 (25%), 0 (0%), 3%
  Sample 1: auto, 1 (0%), 22 (7%), 288 (92%), 1 (0%), 49%
  Sample 2: auto, 22 (7%), 242 (78%), 48 (15%), 0 (0%), 0%
  Duplicate sample.
  Sample 4: auto, 2 (0%), 22 (5%), 382 (94%), 0 (0%), 0%
  Sample 5: auto, 216 (99%), 2 (1%), 0 (0%), 0 (0%), 0%
  Duplicate sample.
  Duplicate sample.
  Sample 8: auto, 415 (95%), 21 (5%), 1 (0%), 0 (0%), 0%
  Duplicate sample.
  Sample 10: auto, 1 (0%), 8 (3%), 237 (90%), 17 (6%), 25%
  Sample 11: auto, 1 (0%), 27 (4%), 686 (95%), 6 (1%), 29%
  Sample 12: auto, 1 (0%), 3 (1%), 264 (94%), 14 (5%), 356%
  Sample 13: auto, 6 (1%), 180 (22%), 633 (77%), 0 (0%), 11%
  Sample 14: auto, 5 (9%), 40 (71%), 3 (5%), 8 (14%), 1146%
  Sample 15: auto, 1 (1%), 2 (1%), 175 (98%), 0 (0%), 13%
----------------------
Writing Offsets...
----------------------
Conversion complete!
New Size: 53026
Samples: 41435 bytes (78%)
Patterns: 10844 bytes (20%), used to be 14887 bytes
Instruments: 606 bytes (1%)
Other: 141 bytes (0%)

